[0.998s] DEBUG:colcon:Command line arguments: ['/usr/bin/colcon', 'build', '--packages-select', 'my_robot_harmonic', '--symlink-install']
[0.998s] DEBUG:colcon:Parsed command line arguments: Namespace(log_base=None, log_level=None, verb_name='build', build_base='build', install_base='install', merge_install=False, symlink_install=True, test_result_base=None, continue_on_error=False, executor='parallel', parallel_workers=2, event_handlers=None, ignore_user_meta=False, metas=['./colcon.meta'], base_paths=['.'], packages_ignore=None, packages_ignore_regex=None, paths=None, packages_up_to=None, packages_up_to_regex=None, packages_above=None, packages_above_and_dependencies=None, packages_above_depth=None, packages_select_by_dep=None, packages_skip_by_dep=None, packages_skip_up_to=None, packages_select_build_failed=False, packages_skip_build_finished=False, packages_select_test_failures=False, packages_skip_test_passed=False, packages_select=['my_robot_harmonic'], packages_skip=None, packages_select_regex=None, packages_skip_regex=None, packages_start=None, packages_end=None, allow_overriding=[], cmake_args=None, cmake_target=None, cmake_target_skip_unavailable=False, cmake_clean_cache=False, cmake_clean_first=False, cmake_force_configure=False, ament_cmake_args=None, catkin_cmake_args=None, catkin_skip_building_tests=False, verb_parser=<colcon_defaults.argument_parser.defaults.DefaultArgumentsDecorator object at 0x74189488a390>, verb_extension=<colcon_core.verb.build.BuildVerb object at 0x74189488a1b0>, main=<bound method BuildVerb.main of <colcon_core.verb.build.BuildVerb object at 0x74189488a1b0>>)
[1.373s] Level 1:colcon.colcon_core.package_discovery:discover_packages(colcon_meta) check parameters
[1.374s] Level 1:colcon.colcon_core.package_discovery:discover_packages(recursive) check parameters
[1.374s] Level 1:colcon.colcon_core.package_discovery:discover_packages(ignore) check parameters
[1.374s] Level 1:colcon.colcon_core.package_discovery:discover_packages(path) check parameters
[1.374s] Level 1:colcon.colcon_core.package_discovery:discover_packages(colcon_meta) discover
[1.374s] Level 1:colcon.colcon_core.package_discovery:discover_packages(recursive) discover
[1.374s] INFO:colcon.colcon_core.package_discovery:Crawling recursively for packages in '/home/unicycle/Desktop/ROS2_Gazebo_Obj_Move/robot_ws'
[1.374s] Level 1:colcon.colcon_core.package_identification:_identify(.) by extensions ['ignore', 'ignore_ament_install']
[1.374s] Level 1:colcon.colcon_core.package_identification:_identify(.) by extension 'ignore'
[1.374s] Level 1:colcon.colcon_core.package_identification:_identify(.) by extension 'ignore_ament_install'
[1.374s] Level 1:colcon.colcon_core.package_identification:_identify(.) by extensions ['colcon_pkg']
[1.374s] Level 1:colcon.colcon_core.package_identification:_identify(.) by extension 'colcon_pkg'
[1.374s] Level 1:colcon.colcon_core.package_identification:_identify(.) by extensions ['colcon_meta']
[1.374s] Level 1:colcon.colcon_core.package_identification:_identify(.) by extension 'colcon_meta'
[1.374s] Level 1:colcon.colcon_core.package_identification:_identify(.) by extensions ['ros']
[1.374s] Level 1:colcon.colcon_core.package_identification:_identify(.) by extension 'ros'
[1.506s] Level 1:colcon.colcon_core.package_identification:_identify(.) by extensions ['cmake', 'python']
[1.506s] Level 1:colcon.colcon_core.package_identification:_identify(.) by extension 'cmake'
[1.506s] Level 1:colcon.colcon_core.package_identification:_identify(.) by extension 'python'
[1.507s] Level 1:colcon.colcon_core.package_identification:_identify(.) by extensions ['python_setup_py']
[1.507s] Level 1:colcon.colcon_core.package_identification:_identify(.) by extension 'python_setup_py'
[1.507s] Level 1:colcon.colcon_core.package_identification:_identify(build) by extensions ['ignore', 'ignore_ament_install']
[1.507s] Level 1:colcon.colcon_core.package_identification:_identify(build) by extension 'ignore'
[1.507s] Level 1:colcon.colcon_core.package_identification:_identify(build) ignored
[1.516s] Level 1:colcon.colcon_core.package_identification:_identify(install) by extensions ['ignore', 'ignore_ament_install']
[1.516s] Level 1:colcon.colcon_core.package_identification:_identify(install) by extension 'ignore'
[1.516s] Level 1:colcon.colcon_core.package_identification:_identify(install) ignored
[1.516s] Level 1:colcon.colcon_core.package_identification:_identify(log) by extensions ['ignore', 'ignore_ament_install']
[1.516s] Level 1:colcon.colcon_core.package_identification:_identify(log) by extension 'ignore'
[1.516s] Level 1:colcon.colcon_core.package_identification:_identify(log) ignored
[1.516s] Level 1:colcon.colcon_core.package_identification:_identify(src) by extensions ['ignore', 'ignore_ament_install']
[1.516s] Level 1:colcon.colcon_core.package_identification:_identify(src) by extension 'ignore'
[1.517s] Level 1:colcon.colcon_core.package_identification:_identify(src) by extension 'ignore_ament_install'
[1.517s] Level 1:colcon.colcon_core.package_identification:_identify(src) by extensions ['colcon_pkg']
[1.517s] Level 1:colcon.colcon_core.package_identification:_identify(src) by extension 'colcon_pkg'
[1.517s] Level 1:colcon.colcon_core.package_identification:_identify(src) by extensions ['colcon_meta']
[1.517s] Level 1:colcon.colcon_core.package_identification:_identify(src) by extension 'colcon_meta'
[1.517s] Level 1:colcon.colcon_core.package_identification:_identify(src) by extensions ['ros']
[1.517s] Level 1:colcon.colcon_core.package_identification:_identify(src) by extension 'ros'
[1.517s] Level 1:colcon.colcon_core.package_identification:_identify(src) by extensions ['cmake', 'python']
[1.517s] Level 1:colcon.colcon_core.package_identification:_identify(src) by extension 'cmake'
[1.517s] Level 1:colcon.colcon_core.package_identification:_identify(src) by extension 'python'
[1.517s] Level 1:colcon.colcon_core.package_identification:_identify(src) by extensions ['python_setup_py']
[1.517s] Level 1:colcon.colcon_core.package_identification:_identify(src) by extension 'python_setup_py'
[1.517s] Level 1:colcon.colcon_core.package_identification:_identify(src/my_robot_harmonic) by extensions ['ignore', 'ignore_ament_install']
[1.517s] Level 1:colcon.colcon_core.package_identification:_identify(src/my_robot_harmonic) by extension 'ignore'
[1.517s] Level 1:colcon.colcon_core.package_identification:_identify(src/my_robot_harmonic) by extension 'ignore_ament_install'
[1.517s] Level 1:colcon.colcon_core.package_identification:_identify(src/my_robot_harmonic) by extensions ['colcon_pkg']
[1.517s] Level 1:colcon.colcon_core.package_identification:_identify(src/my_robot_harmonic) by extension 'colcon_pkg'
[1.517s] Level 1:colcon.colcon_core.package_identification:_identify(src/my_robot_harmonic) by extensions ['colcon_meta']
[1.517s] Level 1:colcon.colcon_core.package_identification:_identify(src/my_robot_harmonic) by extension 'colcon_meta'
[1.517s] Level 1:colcon.colcon_core.package_identification:_identify(src/my_robot_harmonic) by extensions ['ros']
[1.517s] Level 1:colcon.colcon_core.package_identification:_identify(src/my_robot_harmonic) by extension 'ros'
[1.521s] DEBUG:colcon.colcon_core.package_identification:Package 'src/my_robot_harmonic' with type 'ros.ament_python' and name 'my_robot_harmonic'
[1.521s] Level 1:colcon.colcon_core.package_discovery:discover_packages(recursive) using defaults
[1.521s] Level 1:colcon.colcon_core.package_discovery:discover_packages(ignore) discover
[1.521s] Level 1:colcon.colcon_core.package_discovery:discover_packages(ignore) using defaults
[1.521s] Level 1:colcon.colcon_core.package_discovery:discover_packages(path) discover
[1.521s] Level 1:colcon.colcon_core.package_discovery:discover_packages(path) using defaults
[1.608s] Level 1:colcon.colcon_core.package_discovery:discover_packages(prefix_path) check parameters
[1.608s] Level 1:colcon.colcon_core.package_discovery:discover_packages(prefix_path) discover
[1.664s] DEBUG:colcon.colcon_installed_package_information.package_discovery:Found 1 installed packages in /home/unicycle/Desktop/ROS2_Gazebo_Obj_Move/robot_ws/install
[1.675s] DEBUG:colcon.colcon_installed_package_information.package_discovery:Found 387 installed packages in /opt/ros/jazzy
[1.678s] Level 1:colcon.colcon_core.package_discovery:discover_packages(prefix_path) using defaults
[5.319s] Level 5:colcon.colcon_core.verb:set package 'my_robot_harmonic' build argument 'cmake_args' from command line to 'None'
[5.320s] Level 5:colcon.colcon_core.verb:set package 'my_robot_harmonic' build argument 'cmake_target' from command line to 'None'
[5.320s] Level 5:colcon.colcon_core.verb:set package 'my_robot_harmonic' build argument 'cmake_target_skip_unavailable' from command line to 'False'
[5.320s] Level 5:colcon.colcon_core.verb:set package 'my_robot_harmonic' build argument 'cmake_clean_cache' from command line to 'False'
[5.320s] Level 5:colcon.colcon_core.verb:set package 'my_robot_harmonic' build argument 'cmake_clean_first' from command line to 'False'
[5.320s] Level 5:colcon.colcon_core.verb:set package 'my_robot_harmonic' build argument 'cmake_force_configure' from command line to 'False'
[5.320s] Level 5:colcon.colcon_core.verb:set package 'my_robot_harmonic' build argument 'ament_cmake_args' from command line to 'None'
[5.320s] Level 5:colcon.colcon_core.verb:set package 'my_robot_harmonic' build argument 'catkin_cmake_args' from command line to 'None'
[5.320s] Level 5:colcon.colcon_core.verb:set package 'my_robot_harmonic' build argument 'catkin_skip_building_tests' from command line to 'False'
[5.320s] DEBUG:colcon.colcon_core.verb:Building package 'my_robot_harmonic' with the following arguments: {'ament_cmake_args': None, 'build_base': '/home/unicycle/Desktop/ROS2_Gazebo_Obj_Move/robot_ws/build/my_robot_harmonic', 'catkin_cmake_args': None, 'catkin_skip_building_tests': False, 'cmake_args': None, 'cmake_clean_cache': False, 'cmake_clean_first': False, 'cmake_force_configure': False, 'cmake_target': None, 'cmake_target_skip_unavailable': False, 'install_base': '/home/unicycle/Desktop/ROS2_Gazebo_Obj_Move/robot_ws/install/my_robot_harmonic', 'merge_install': False, 'path': '/home/unicycle/Desktop/ROS2_Gazebo_Obj_Move/robot_ws/src/my_robot_harmonic', 'symlink_install': True, 'test_result_base': None}
[5.320s] INFO:colcon.colcon_core.executor:Executing jobs using 'parallel' executor
[5.321s] DEBUG:colcon.colcon_parallel_executor.executor.parallel:run_until_complete
[5.321s] INFO:colcon.colcon_ros.task.ament_python.build:Building ROS package in '/home/unicycle/Desktop/ROS2_Gazebo_Obj_Move/robot_ws/src/my_robot_harmonic' with build type 'ament_python'
[5.321s] Level 1:colcon.colcon_core.shell:create_environment_hook('my_robot_harmonic', 'ament_prefix_path')
[5.402s] INFO:colcon.colcon_core.plugin_system:Skipping extension 'colcon_core.shell.bat': Not used on non-Windows systems
[5.402s] INFO:colcon.colcon_core.shell:Creating environment hook '/home/unicycle/Desktop/ROS2_Gazebo_Obj_Move/robot_ws/install/my_robot_harmonic/share/my_robot_harmonic/hook/ament_prefix_path.ps1'
[5.427s] INFO:colcon.colcon_core.shell:Creating environment descriptor '/home/unicycle/Desktop/ROS2_Gazebo_Obj_Move/robot_ws/install/my_robot_harmonic/share/my_robot_harmonic/hook/ament_prefix_path.dsv'
[5.454s] INFO:colcon.colcon_core.shell:Creating environment hook '/home/unicycle/Desktop/ROS2_Gazebo_Obj_Move/robot_ws/install/my_robot_harmonic/share/my_robot_harmonic/hook/ament_prefix_path.sh'
[5.456s] INFO:colcon.colcon_core.shell:Skip shell extension 'powershell' for command environment: Not usable outside of PowerShell
[5.456s] DEBUG:colcon.colcon_core.shell:Skip shell extension 'dsv' for command environment
[5.850s] WARNING:colcon.colcon_ros.task.ament_python.build:Package 'my_robot_harmonic' doesn't explicitly install a marker in the package index (colcon-ros currently does it implicitly but that fallback will be removed in the future)
[5.850s] INFO:colcon.colcon_core.task.python.build:Building Python package in '/home/unicycle/Desktop/ROS2_Gazebo_Obj_Move/robot_ws/src/my_robot_harmonic'
[5.852s] INFO:colcon.colcon_core.shell:Skip shell extension 'powershell' for command environment: Not usable outside of PowerShell
[5.852s] DEBUG:colcon.colcon_core.shell:Skip shell extension 'dsv' for command environment
[10.075s] DEBUG:colcon.colcon_core.event_handler.log_command:Invoking command in '/home/unicycle/Desktop/ROS2_Gazebo_Obj_Move/robot_ws/build/my_robot_harmonic': DEBUGINFOD_URLS=https://debuginfod.ubuntu.com PYTHONPATH=/home/unicycle/Desktop/ROS2_Gazebo_Obj_Move/robot_ws/build/my_robot_harmonic/prefix_override:/usr/lib/python3/dist-packages/colcon_core/task/python/colcon_distutils_commands:/home/unicycle/Desktop/ROS2_Gazebo_Obj_Move/robot_ws/install/my_robot_harmonic/lib/python3.12/site-packages:${PYTHONPATH} /usr/bin/python3 -W ignore:setup.py install is deprecated -W ignore:easy_install command is deprecated setup.py develop --editable --build-directory /home/unicycle/Desktop/ROS2_Gazebo_Obj_Move/robot_ws/build/my_robot_harmonic/build --no-deps symlink_data
[10.914s] Level 1:colcon.colcon_core.shell:create_environment_hook('my_robot_harmonic', 'pythonpath_develop')
[10.915s] INFO:colcon.colcon_core.shell:Creating environment hook '/home/unicycle/Desktop/ROS2_Gazebo_Obj_Move/robot_ws/build/my_robot_harmonic/share/my_robot_harmonic/hook/pythonpath_develop.ps1'
[10.914s] DEBUG:colcon.colcon_core.event_handler.log_command:Invoked command in '/home/unicycle/Desktop/ROS2_Gazebo_Obj_Move/robot_ws/build/my_robot_harmonic' returned '0': DEBUGINFOD_URLS=https://debuginfod.ubuntu.com PYTHONPATH=/home/unicycle/Desktop/ROS2_Gazebo_Obj_Move/robot_ws/build/my_robot_harmonic/prefix_override:/usr/lib/python3/dist-packages/colcon_core/task/python/colcon_distutils_commands:/home/unicycle/Desktop/ROS2_Gazebo_Obj_Move/robot_ws/install/my_robot_harmonic/lib/python3.12/site-packages:${PYTHONPATH} /usr/bin/python3 -W ignore:setup.py install is deprecated -W ignore:easy_install command is deprecated setup.py develop --editable --build-directory /home/unicycle/Desktop/ROS2_Gazebo_Obj_Move/robot_ws/build/my_robot_harmonic/build --no-deps symlink_data
[10.915s] INFO:colcon.colcon_core.shell:Creating environment descriptor '/home/unicycle/Desktop/ROS2_Gazebo_Obj_Move/robot_ws/build/my_robot_harmonic/share/my_robot_harmonic/hook/pythonpath_develop.dsv'
[10.916s] INFO:colcon.colcon_core.shell:Creating environment hook '/home/unicycle/Desktop/ROS2_Gazebo_Obj_Move/robot_ws/build/my_robot_harmonic/share/my_robot_harmonic/hook/pythonpath_develop.sh'
[10.942s] Level 1:colcon.colcon_core.environment:checking '/home/unicycle/Desktop/ROS2_Gazebo_Obj_Move/robot_ws/install/my_robot_harmonic' for CMake module files
[10.954s] Level 1:colcon.colcon_core.environment:checking '/home/unicycle/Desktop/ROS2_Gazebo_Obj_Move/robot_ws/install/my_robot_harmonic' for CMake config files
[10.985s] Level 1:colcon.colcon_core.environment:checking '/home/unicycle/Desktop/ROS2_Gazebo_Obj_Move/robot_ws/install/my_robot_harmonic/lib'
[10.985s] Level 1:colcon.colcon_core.environment:checking '/home/unicycle/Desktop/ROS2_Gazebo_Obj_Move/robot_ws/install/my_robot_harmonic/bin'
[10.986s] Level 1:colcon.colcon_core.environment:checking '/home/unicycle/Desktop/ROS2_Gazebo_Obj_Move/robot_ws/install/my_robot_harmonic/lib/pkgconfig/my_robot_harmonic.pc'
[10.988s] Level 1:colcon.colcon_core.environment:checking '/home/unicycle/Desktop/ROS2_Gazebo_Obj_Move/robot_ws/install/my_robot_harmonic/lib/python3.12/site-packages'
[10.988s] Level 1:colcon.colcon_core.shell:create_environment_hook('my_robot_harmonic', 'pythonpath')
[10.989s] INFO:colcon.colcon_core.shell:Creating environment hook '/home/unicycle/Desktop/ROS2_Gazebo_Obj_Move/robot_ws/install/my_robot_harmonic/share/my_robot_harmonic/hook/pythonpath.ps1'
[10.993s] INFO:colcon.colcon_core.shell:Creating environment descriptor '/home/unicycle/Desktop/ROS2_Gazebo_Obj_Move/robot_ws/install/my_robot_harmonic/share/my_robot_harmonic/hook/pythonpath.dsv'
[10.996s] INFO:colcon.colcon_core.shell:Creating environment hook '/home/unicycle/Desktop/ROS2_Gazebo_Obj_Move/robot_ws/install/my_robot_harmonic/share/my_robot_harmonic/hook/pythonpath.sh'
[11.001s] Level 1:colcon.colcon_core.environment:checking '/home/unicycle/Desktop/ROS2_Gazebo_Obj_Move/robot_ws/install/my_robot_harmonic/bin'
[11.001s] Level 1:colcon.colcon_core.environment:create_environment_scripts_only(my_robot_harmonic)
[11.002s] INFO:colcon.colcon_core.shell:Creating package script '/home/unicycle/Desktop/ROS2_Gazebo_Obj_Move/robot_ws/install/my_robot_harmonic/share/my_robot_harmonic/package.ps1'
[11.023s] INFO:colcon.colcon_core.shell:Creating package descriptor '/home/unicycle/Desktop/ROS2_Gazebo_Obj_Move/robot_ws/install/my_robot_harmonic/share/my_robot_harmonic/package.dsv'
[11.028s] INFO:colcon.colcon_core.shell:Creating package script '/home/unicycle/Desktop/ROS2_Gazebo_Obj_Move/robot_ws/install/my_robot_harmonic/share/my_robot_harmonic/package.sh'
[11.031s] INFO:colcon.colcon_core.shell:Creating package script '/home/unicycle/Desktop/ROS2_Gazebo_Obj_Move/robot_ws/install/my_robot_harmonic/share/my_robot_harmonic/package.bash'
[11.033s] INFO:colcon.colcon_core.shell:Creating package script '/home/unicycle/Desktop/ROS2_Gazebo_Obj_Move/robot_ws/install/my_robot_harmonic/share/my_robot_harmonic/package.zsh'
[11.034s] Level 1:colcon.colcon_core.environment:create_file_with_runtime_dependencies(/home/unicycle/Desktop/ROS2_Gazebo_Obj_Move/robot_ws/install/my_robot_harmonic/share/colcon-core/packages/my_robot_harmonic)
[11.035s] DEBUG:colcon.colcon_parallel_executor.executor.parallel:closing loop
[11.035s] DEBUG:colcon.colcon_parallel_executor.executor.parallel:loop closed
[11.036s] DEBUG:colcon.colcon_parallel_executor.executor.parallel:run_until_complete finished with '0'
[11.036s] DEBUG:colcon.colcon_core.event_reactor:joining thread
[11.072s] INFO:colcon.colcon_core.plugin_system:Skipping extension 'colcon_notification.desktop_notification.terminal_notifier': Not used on non-Darwin systems
[11.072s] INFO:colcon.colcon_core.plugin_system:Skipping extension 'colcon_notification.desktop_notification.win32': Not used on non-Windows systems
[11.072s] INFO:colcon.colcon_notification.desktop_notification:Sending desktop notification using 'notify2'
[11.198s] DEBUG:colcon.colcon_core.event_reactor:joined thread
[11.198s] INFO:colcon.colcon_core.shell:Creating prefix script '/home/unicycle/Desktop/ROS2_Gazebo_Obj_Move/robot_ws/install/local_setup.ps1'
[11.200s] INFO:colcon.colcon_core.shell:Creating prefix util module '/home/unicycle/Desktop/ROS2_Gazebo_Obj_Move/robot_ws/install/_local_setup_util_ps1.py'
[11.204s] INFO:colcon.colcon_core.shell:Creating prefix chain script '/home/unicycle/Desktop/ROS2_Gazebo_Obj_Move/robot_ws/install/setup.ps1'
[11.211s] INFO:colcon.colcon_core.shell:Creating prefix script '/home/unicycle/Desktop/ROS2_Gazebo_Obj_Move/robot_ws/install/local_setup.sh'
[11.212s] INFO:colcon.colcon_core.shell:Creating prefix util module '/home/unicycle/Desktop/ROS2_Gazebo_Obj_Move/robot_ws/install/_local_setup_util_sh.py'
[11.212s] INFO:colcon.colcon_core.shell:Creating prefix chain script '/home/unicycle/Desktop/ROS2_Gazebo_Obj_Move/robot_ws/install/setup.sh'
[11.214s] INFO:colcon.colcon_core.shell:Creating prefix script '/home/unicycle/Desktop/ROS2_Gazebo_Obj_Move/robot_ws/install/local_setup.bash'
[11.214s] INFO:colcon.colcon_core.shell:Creating prefix chain script '/home/unicycle/Desktop/ROS2_Gazebo_Obj_Move/robot_ws/install/setup.bash'
[11.216s] INFO:colcon.colcon_core.shell:Creating prefix script '/home/unicycle/Desktop/ROS2_Gazebo_Obj_Move/robot_ws/install/local_setup.zsh'
[11.217s] INFO:colcon.colcon_core.shell:Creating prefix chain script '/home/unicycle/Desktop/ROS2_Gazebo_Obj_Move/robot_ws/install/setup.zsh'
