[0.131s] DEBUG:colcon:Command line arguments: ['/usr/bin/colcon', 'build', '--packages-select', 'my_robot_harmonic', '--symlink-install']
[0.132s] DEBUG:colcon:Parsed command line arguments: Namespace(log_base=None, log_level=None, verb_name='build', build_base='build', install_base='install', merge_install=False, symlink_install=True, test_result_base=None, continue_on_error=False, executor='parallel', parallel_workers=2, event_handlers=None, ignore_user_meta=False, metas=['./colcon.meta'], base_paths=['.'], packages_ignore=None, packages_ignore_regex=None, paths=None, packages_up_to=None, packages_up_to_regex=None, packages_above=None, packages_above_and_dependencies=None, packages_above_depth=None, packages_select_by_dep=None, packages_skip_by_dep=None, packages_skip_up_to=None, packages_select_build_failed=False, packages_skip_build_finished=False, packages_select_test_failures=False, packages_skip_test_passed=False, packages_select=['my_robot_harmonic'], packages_skip=None, packages_select_regex=None, packages_skip_regex=None, packages_start=None, packages_end=None, allow_overriding=[], cmake_args=None, cmake_target=None, cmake_target_skip_unavailable=False, cmake_clean_cache=False, cmake_clean_first=False, cmake_force_configure=False, ament_cmake_args=None, catkin_cmake_args=None, catkin_skip_building_tests=False, verb_parser=<colcon_defaults.argument_parser.defaults.DefaultArgumentsDecorator object at 0x74a31f581a30>, verb_extension=<colcon_core.verb.build.BuildVerb object at 0x74a31f5819a0>, main=<bound method BuildVerb.main of <colcon_core.verb.build.BuildVerb object at 0x74a31f5819a0>>)
[0.215s] Level 1:colcon.colcon_core.package_discovery:discover_packages(colcon_meta) check parameters
[0.215s] Level 1:colcon.colcon_core.package_discovery:discover_packages(recursive) check parameters
[0.216s] Level 1:colcon.colcon_core.package_discovery:discover_packages(ignore) check parameters
[0.216s] Level 1:colcon.colcon_core.package_discovery:discover_packages(path) check parameters
[0.216s] Level 1:colcon.colcon_core.package_discovery:discover_packages(colcon_meta) discover
[0.216s] Level 1:colcon.colcon_core.package_discovery:discover_packages(recursive) discover
[0.216s] INFO:colcon.colcon_core.package_discovery:Crawling recursively for packages in '/home/unicycle/Desktop/ROS2_Gazebo_Obj_Move/robot_ws'
[0.216s] Level 1:colcon.colcon_core.package_identification:_identify(.) by extensions ['ignore', 'ignore_ament_install']
[0.216s] Level 1:colcon.colcon_core.package_identification:_identify(.) by extension 'ignore'
[0.216s] Level 1:colcon.colcon_core.package_identification:_identify(.) by extension 'ignore_ament_install'
[0.216s] Level 1:colcon.colcon_core.package_identification:_identify(.) by extensions ['colcon_pkg']
[0.216s] Level 1:colcon.colcon_core.package_identification:_identify(.) by extension 'colcon_pkg'
[0.216s] Level 1:colcon.colcon_core.package_identification:_identify(.) by extensions ['colcon_meta']
[0.216s] Level 1:colcon.colcon_core.package_identification:_identify(.) by extension 'colcon_meta'
[0.216s] Level 1:colcon.colcon_core.package_identification:_identify(.) by extensions ['ros']
[0.216s] Level 1:colcon.colcon_core.package_identification:_identify(.) by extension 'ros'
[0.239s] Level 1:colcon.colcon_core.package_identification:_identify(.) by extensions ['cmake', 'python']
[0.239s] Level 1:colcon.colcon_core.package_identification:_identify(.) by extension 'cmake'
[0.239s] Level 1:colcon.colcon_core.package_identification:_identify(.) by extension 'python'
[0.239s] Level 1:colcon.colcon_core.package_identification:_identify(.) by extensions ['python_setup_py']
[0.239s] Level 1:colcon.colcon_core.package_identification:_identify(.) by extension 'python_setup_py'
[0.239s] Level 1:colcon.colcon_core.package_identification:_identify(build) by extensions ['ignore', 'ignore_ament_install']
[0.239s] Level 1:colcon.colcon_core.package_identification:_identify(build) by extension 'ignore'
[0.240s] Level 1:colcon.colcon_core.package_identification:_identify(build) ignored
[0.240s] Level 1:colcon.colcon_core.package_identification:_identify(install) by extensions ['ignore', 'ignore_ament_install']
[0.240s] Level 1:colcon.colcon_core.package_identification:_identify(install) by extension 'ignore'
[0.240s] Level 1:colcon.colcon_core.package_identification:_identify(install) ignored
[0.240s] Level 1:colcon.colcon_core.package_identification:_identify(log) by extensions ['ignore', 'ignore_ament_install']
[0.240s] Level 1:colcon.colcon_core.package_identification:_identify(log) by extension 'ignore'
[0.240s] Level 1:colcon.colcon_core.package_identification:_identify(log) ignored
[0.265s] Level 1:colcon.colcon_core.package_identification:_identify(src) by extensions ['ignore', 'ignore_ament_install']
[0.265s] Level 1:colcon.colcon_core.package_identification:_identify(src) by extension 'ignore'
[0.265s] Level 1:colcon.colcon_core.package_identification:_identify(src) by extension 'ignore_ament_install'
[0.265s] Level 1:colcon.colcon_core.package_identification:_identify(src) by extensions ['colcon_pkg']
[0.266s] Level 1:colcon.colcon_core.package_identification:_identify(src) by extension 'colcon_pkg'
[0.266s] Level 1:colcon.colcon_core.package_identification:_identify(src) by extensions ['colcon_meta']
[0.266s] Level 1:colcon.colcon_core.package_identification:_identify(src) by extension 'colcon_meta'
[0.266s] Level 1:colcon.colcon_core.package_identification:_identify(src) by extensions ['ros']
[0.266s] Level 1:colcon.colcon_core.package_identification:_identify(src) by extension 'ros'
[0.266s] Level 1:colcon.colcon_core.package_identification:_identify(src) by extensions ['cmake', 'python']
[0.266s] Level 1:colcon.colcon_core.package_identification:_identify(src) by extension 'cmake'
[0.266s] Level 1:colcon.colcon_core.package_identification:_identify(src) by extension 'python'
[0.267s] Level 1:colcon.colcon_core.package_identification:_identify(src) by extensions ['python_setup_py']
[0.267s] Level 1:colcon.colcon_core.package_identification:_identify(src) by extension 'python_setup_py'
[0.325s] Level 1:colcon.colcon_core.package_identification:_identify(src/my_robot_harmonic) by extensions ['ignore', 'ignore_ament_install']
[0.326s] Level 1:colcon.colcon_core.package_identification:_identify(src/my_robot_harmonic) by extension 'ignore'
[0.326s] Level 1:colcon.colcon_core.package_identification:_identify(src/my_robot_harmonic) by extension 'ignore_ament_install'
[0.327s] Level 1:colcon.colcon_core.package_identification:_identify(src/my_robot_harmonic) by extensions ['colcon_pkg']
[0.327s] Level 1:colcon.colcon_core.package_identification:_identify(src/my_robot_harmonic) by extension 'colcon_pkg'
[0.328s] Level 1:colcon.colcon_core.package_identification:_identify(src/my_robot_harmonic) by extensions ['colcon_meta']
[0.328s] Level 1:colcon.colcon_core.package_identification:_identify(src/my_robot_harmonic) by extension 'colcon_meta'
[0.328s] Level 1:colcon.colcon_core.package_identification:_identify(src/my_robot_harmonic) by extensions ['ros']
[0.328s] Level 1:colcon.colcon_core.package_identification:_identify(src/my_robot_harmonic) by extension 'ros'
[0.345s] DEBUG:colcon.colcon_core.package_identification:Package 'src/my_robot_harmonic' with type 'ros.ament_python' and name 'my_robot_harmonic'
[0.345s] Level 1:colcon.colcon_core.package_discovery:discover_packages(recursive) using defaults
[0.346s] Level 1:colcon.colcon_core.package_discovery:discover_packages(ignore) discover
[0.346s] Level 1:colcon.colcon_core.package_discovery:discover_packages(ignore) using defaults
[0.346s] Level 1:colcon.colcon_core.package_discovery:discover_packages(path) discover
[0.346s] Level 1:colcon.colcon_core.package_discovery:discover_packages(path) using defaults
[0.371s] Level 1:colcon.colcon_core.package_discovery:discover_packages(prefix_path) check parameters
[0.371s] Level 1:colcon.colcon_core.package_discovery:discover_packages(prefix_path) discover
[0.373s] DEBUG:colcon.colcon_installed_package_information.package_discovery:Found 0 installed packages in /home/unicycle/Desktop/ROS2_Gazebo_Obj_Move/robot_ws/install
[0.374s] DEBUG:colcon.colcon_installed_package_information.package_discovery:Found 337 installed packages in /opt/ros/jazzy
[0.375s] Level 1:colcon.colcon_core.package_discovery:discover_packages(prefix_path) using defaults
[0.419s] Level 5:colcon.colcon_core.verb:set package 'my_robot_harmonic' build argument 'cmake_args' from command line to 'None'
[0.419s] Level 5:colcon.colcon_core.verb:set package 'my_robot_harmonic' build argument 'cmake_target' from command line to 'None'
[0.419s] Level 5:colcon.colcon_core.verb:set package 'my_robot_harmonic' build argument 'cmake_target_skip_unavailable' from command line to 'False'
[0.419s] Level 5:colcon.colcon_core.verb:set package 'my_robot_harmonic' build argument 'cmake_clean_cache' from command line to 'False'
[0.419s] Level 5:colcon.colcon_core.verb:set package 'my_robot_harmonic' build argument 'cmake_clean_first' from command line to 'False'
[0.419s] Level 5:colcon.colcon_core.verb:set package 'my_robot_harmonic' build argument 'cmake_force_configure' from command line to 'False'
[0.419s] Level 5:colcon.colcon_core.verb:set package 'my_robot_harmonic' build argument 'ament_cmake_args' from command line to 'None'
[0.419s] Level 5:colcon.colcon_core.verb:set package 'my_robot_harmonic' build argument 'catkin_cmake_args' from command line to 'None'
[0.419s] Level 5:colcon.colcon_core.verb:set package 'my_robot_harmonic' build argument 'catkin_skip_building_tests' from command line to 'False'
[0.419s] DEBUG:colcon.colcon_core.verb:Building package 'my_robot_harmonic' with the following arguments: {'ament_cmake_args': None, 'build_base': '/home/unicycle/Desktop/ROS2_Gazebo_Obj_Move/robot_ws/build/my_robot_harmonic', 'catkin_cmake_args': None, 'catkin_skip_building_tests': False, 'cmake_args': None, 'cmake_clean_cache': False, 'cmake_clean_first': False, 'cmake_force_configure': False, 'cmake_target': None, 'cmake_target_skip_unavailable': False, 'install_base': '/home/unicycle/Desktop/ROS2_Gazebo_Obj_Move/robot_ws/install/my_robot_harmonic', 'merge_install': False, 'path': '/home/unicycle/Desktop/ROS2_Gazebo_Obj_Move/robot_ws/src/my_robot_harmonic', 'symlink_install': True, 'test_result_base': None}
[0.419s] INFO:colcon.colcon_core.executor:Executing jobs using 'parallel' executor
[0.421s] DEBUG:colcon.colcon_parallel_executor.executor.parallel:run_until_complete
[0.421s] INFO:colcon.colcon_ros.task.ament_python.build:Building ROS package in '/home/unicycle/Desktop/ROS2_Gazebo_Obj_Move/robot_ws/src/my_robot_harmonic' with build type 'ament_python'
[0.421s] Level 1:colcon.colcon_core.shell:create_environment_hook('my_robot_harmonic', 'ament_prefix_path')
[0.423s] INFO:colcon.colcon_core.plugin_system:Skipping extension 'colcon_core.shell.bat': Not used on non-Windows systems
[0.423s] INFO:colcon.colcon_core.shell:Creating environment hook '/home/unicycle/Desktop/ROS2_Gazebo_Obj_Move/robot_ws/install/my_robot_harmonic/share/my_robot_harmonic/hook/ament_prefix_path.ps1'
[0.424s] INFO:colcon.colcon_core.shell:Creating environment descriptor '/home/unicycle/Desktop/ROS2_Gazebo_Obj_Move/robot_ws/install/my_robot_harmonic/share/my_robot_harmonic/hook/ament_prefix_path.dsv'
[0.425s] INFO:colcon.colcon_core.shell:Creating environment hook '/home/unicycle/Desktop/ROS2_Gazebo_Obj_Move/robot_ws/install/my_robot_harmonic/share/my_robot_harmonic/hook/ament_prefix_path.sh'
[0.426s] INFO:colcon.colcon_core.shell:Skip shell extension 'powershell' for command environment: Not usable outside of PowerShell
[0.426s] DEBUG:colcon.colcon_core.shell:Skip shell extension 'dsv' for command environment
[0.792s] WARNING:colcon.colcon_ros.task.ament_python.build:Package 'my_robot_harmonic' doesn't explicitly install a marker in the package index (colcon-ros currently does it implicitly but that fallback will be removed in the future)
[0.793s] INFO:colcon.colcon_core.task.python.build:Building Python package in '/home/unicycle/Desktop/ROS2_Gazebo_Obj_Move/robot_ws/src/my_robot_harmonic'
[0.794s] INFO:colcon.colcon_core.shell:Skip shell extension 'powershell' for command environment: Not usable outside of PowerShell
[0.794s] DEBUG:colcon.colcon_core.shell:Skip shell extension 'dsv' for command environment
[1.404s] DEBUG:colcon.colcon_core.event_handler.log_command:Invoking command in '/home/unicycle/Desktop/ROS2_Gazebo_Obj_Move/robot_ws/build/my_robot_harmonic': DEBUGINFOD_URLS=https://debuginfod.ubuntu.com PYTHONPATH=/home/unicycle/Desktop/ROS2_Gazebo_Obj_Move/robot_ws/build/my_robot_harmonic/prefix_override:/usr/lib/python3/dist-packages/colcon_core/task/python/colcon_distutils_commands:/home/unicycle/Desktop/ROS2_Gazebo_Obj_Move/robot_ws/install/my_robot_harmonic/lib/python3.12/site-packages:${PYTHONPATH} /usr/bin/python3 -W ignore:setup.py install is deprecated -W ignore:easy_install command is deprecated setup.py develop --editable --build-directory /home/unicycle/Desktop/ROS2_Gazebo_Obj_Move/robot_ws/build/my_robot_harmonic/build --no-deps symlink_data
[2.182s] DEBUG:colcon.colcon_core.event_handler.log_command:Invoked command in '/home/unicycle/Desktop/ROS2_Gazebo_Obj_Move/robot_ws/build/my_robot_harmonic' returned '1': DEBUGINFOD_URLS=https://debuginfod.ubuntu.com PYTHONPATH=/home/unicycle/Desktop/ROS2_Gazebo_Obj_Move/robot_ws/build/my_robot_harmonic/prefix_override:/usr/lib/python3/dist-packages/colcon_core/task/python/colcon_distutils_commands:/home/unicycle/Desktop/ROS2_Gazebo_Obj_Move/robot_ws/install/my_robot_harmonic/lib/python3.12/site-packages:${PYTHONPATH} /usr/bin/python3 -W ignore:setup.py install is deprecated -W ignore:easy_install command is deprecated setup.py develop --editable --build-directory /home/unicycle/Desktop/ROS2_Gazebo_Obj_Move/robot_ws/build/my_robot_harmonic/build --no-deps symlink_data
[2.192s] DEBUG:colcon.colcon_parallel_executor.executor.parallel:closing loop
[2.194s] DEBUG:colcon.colcon_parallel_executor.executor.parallel:loop closed
[2.195s] DEBUG:colcon.colcon_parallel_executor.executor.parallel:run_until_complete finished with '1'
[2.195s] DEBUG:colcon.colcon_core.event_reactor:joining thread
[2.207s] INFO:colcon.colcon_core.plugin_system:Skipping extension 'colcon_notification.desktop_notification.terminal_notifier': Not used on non-Darwin systems
[2.207s] INFO:colcon.colcon_core.plugin_system:Skipping extension 'colcon_notification.desktop_notification.win32': Not used on non-Windows systems
[2.207s] INFO:colcon.colcon_notification.desktop_notification:Sending desktop notification using 'notify2'
[2.225s] DEBUG:colcon.colcon_core.event_reactor:joined thread
[2.225s] INFO:colcon.colcon_core.shell:Creating prefix script '/home/unicycle/Desktop/ROS2_Gazebo_Obj_Move/robot_ws/install/local_setup.ps1'
[2.226s] INFO:colcon.colcon_core.shell:Creating prefix util module '/home/unicycle/Desktop/ROS2_Gazebo_Obj_Move/robot_ws/install/_local_setup_util_ps1.py'
[2.227s] INFO:colcon.colcon_core.shell:Creating prefix chain script '/home/unicycle/Desktop/ROS2_Gazebo_Obj_Move/robot_ws/install/setup.ps1'
[2.228s] INFO:colcon.colcon_core.shell:Creating prefix script '/home/unicycle/Desktop/ROS2_Gazebo_Obj_Move/robot_ws/install/local_setup.sh'
[2.229s] INFO:colcon.colcon_core.shell:Creating prefix util module '/home/unicycle/Desktop/ROS2_Gazebo_Obj_Move/robot_ws/install/_local_setup_util_sh.py'
[2.230s] INFO:colcon.colcon_core.shell:Creating prefix chain script '/home/unicycle/Desktop/ROS2_Gazebo_Obj_Move/robot_ws/install/setup.sh'
[2.232s] INFO:colcon.colcon_core.shell:Creating prefix script '/home/unicycle/Desktop/ROS2_Gazebo_Obj_Move/robot_ws/install/local_setup.bash'
[2.235s] INFO:colcon.colcon_core.shell:Creating prefix chain script '/home/unicycle/Desktop/ROS2_Gazebo_Obj_Move/robot_ws/install/setup.bash'
[2.239s] INFO:colcon.colcon_core.shell:Creating prefix script '/home/unicycle/Desktop/ROS2_Gazebo_Obj_Move/robot_ws/install/local_setup.zsh'
[2.242s] INFO:colcon.colcon_core.shell:Creating prefix chain script '/home/unicycle/Desktop/ROS2_Gazebo_Obj_Move/robot_ws/install/setup.zsh'
